<?xml version="1.0" encoding="UTF-8"?>
<!-- Generated by org.testng.reporters.JUnitXMLReporter -->
<testsuite ignored="0" hostname="LAPTOP-1GJ2FEE2" failures="1" tests="19" name="Surefire test" time="38.481" errors="0" timestamp="2026-03-31T15:29:53 ICT">
  <testcase classname="tests.CheckoutTest" name="testCheckoutWithFakerData" time="0.065"/>
  <testcase classname="tests.FlakySimulationTest" name="testFlakyScenario" time="0.002">
    <failure type="java.lang.AssertionError" message="Mô phỏng lỗi mạng tạm thời lần 1">
      <![CDATA[java.lang.AssertionError: Mô phỏng lỗi mạng tạm thời lần 1
at tests.FlakySimulationTest.testFlakyScenario(FlakySimulationTest.java:18)
at java.base/java.util.ArrayList.forEach(ArrayList.java:1596)
... Removed 31 stack frames]]>
    </failure>
  </testcase> <!-- testFlakyScenario -->
  <testcase classname="tests.LoginDDTTest" name="testLoginBoundary" time="0.698"/>
  <testcase classname="tests.LoginDDTTest" name="testLoginBoundary" time="0.657"/>
  <testcase classname="tests.LoginDDTTest" name="testLoginBoundary" time="0.575"/>
  <testcase classname="tests.LoginDDTTest" name="testLoginBoundary" time="0.649"/>
  <testcase classname="tests.LoginDDTTest" name="testLoginNegative" time="0.689"/>
  <testcase classname="tests.LoginDDTTest" name="testLoginNegative" time="0.588"/>
  <testcase classname="tests.LoginDDTTest" name="testLoginNegative" time="0.616"/>
  <testcase classname="tests.LoginDDTTest" name="testLoginNegative" time="0.571"/>
  <testcase classname="tests.LoginDDTTest" name="testLoginNegative" time="0.553"/>
  <testcase classname="tests.LoginDDTTest" name="testLoginSmoke" time="0.58"/>
  <testcase classname="tests.LoginDDTTest" name="testLoginSmoke" time="0.571"/>
  <testcase classname="tests.LoginDDTTest" name="testLoginSmoke" time="0.655"/>
  <testcase classname="tests.UserLoginTest" name="testLoginFromJson" time="0.645"/>
  <testcase classname="tests.UserLoginTest" name="testLoginFromJson" time="0.561"/>
  <testcase classname="tests.UserLoginTest" name="testLoginFromJson" time="0.692"/>
  <testcase classname="tests.UserLoginTest" name="testLoginFromJson" time="5.532"/>
  <testcase classname="tests.UserLoginTest" name="testLoginFromJson" time="0.501"/>
</testsuite> <!-- Surefire test -->
