<?xml version="1.0" encoding="UTF-8"?>
<testng-results ignored="0" total="19" passed="18" failed="1" skipped="0">
  <reporter-output>
  </reporter-output>
  <suite started-at="2026-03-31T15:29:15 ICT" name="Surefire suite" finished-at="2026-03-31T15:29:53 ICT" duration-ms="38481">
    <groups>
      <group name="regression">
        <method signature="LoginDDTTest.testLoginBoundary(java.lang.String,java.lang.String,java.lang.String,java.lang.String)[pri:0, instance:tests.LoginDDTTest@6a28ffa4]" name="testLoginBoundary" class="tests.LoginDDTTest"/>
        <method signature="LoginDDTTest.testLoginNegative(java.lang.String,java.lang.String,java.lang.String,java.lang.String)[pri:0, instance:tests.LoginDDTTest@6a28ffa4]" name="testLoginNegative" class="tests.LoginDDTTest"/>
        <method signature="LoginDDTTest.testLoginSmoke(java.lang.String,java.lang.String,java.lang.String,java.lang.String)[pri:0, instance:tests.LoginDDTTest@6a28ffa4]" name="testLoginSmoke" class="tests.LoginDDTTest"/>
      </group> <!-- regression -->
      <group name="smoke">
        <method signature="LoginDDTTest.testLoginSmoke(java.lang.String,java.lang.String,java.lang.String,java.lang.String)[pri:0, instance:tests.LoginDDTTest@6a28ffa4]" name="testLoginSmoke" class="tests.LoginDDTTest"/>
      </group> <!-- smoke -->
    </groups>
    <test started-at="2026-03-31T15:29:15 ICT" name="Surefire test" finished-at="2026-03-31T15:29:53 ICT" duration-ms="38481">
      <class name="tests.FlakySimulationTest">
        <test-method is-config="true" signature="setUp(java.lang.String,java.lang.String)[pri:0, instance:tests.FlakySimulationTest@13e39c73]" started-at="2026-03-31T15:29:18 ICT" name="setUp" finished-at="2026-03-31T15:29:19 ICT" duration-ms="1560" status="PASS">
          <params>
            <param index="0">
              <value>
                <![CDATA[chrome]]>
              </value>
            </param>
            <param index="1">
              <value>
                <![CDATA[dev]]>
              </value>
            </param>
          </params>
          <reporter-output>
          </reporter-output>
        </test-method> <!-- setUp -->
        <test-method signature="testFlakyScenario()[pri:0, instance:tests.FlakySimulationTest@13e39c73]" started-at="2026-03-31T15:29:19 ICT" name="testFlakyScenario" description="Test mô phỏng flaky fail 2 lần đầu, pass lần thứ 3" finished-at="2026-03-31T15:29:19 ICT" duration-ms="2" status="FAIL">
          <exception class="java.lang.AssertionError">
            <message>
              <![CDATA[Mô phỏng lỗi mạng tạm thời lần 1]]>
            </message>
            <full-stacktrace>
              <![CDATA[java.lang.AssertionError: Mô phỏng lỗi mạng tạm thời lần 1
at org.testng.Assert.fail(Assert.java:111)
at tests.FlakySimulationTest.testFlakyScenario(FlakySimulationTest.java:18)
at java.base/jdk.internal.reflect.DirectMethodHandleAccessor.invoke(DirectMethodHandleAccessor.java:103)
at java.base/java.lang.reflect.Method.invoke(Method.java:580)
at org.testng.internal.invokers.MethodInvocationHelper.invokeMethod(MethodInvocationHelper.java:139)
at org.testng.internal.invokers.TestInvoker.invokeMethod(TestInvoker.java:664)
at org.testng.internal.invokers.TestInvoker.invokeTestMethod(TestInvoker.java:228)
at org.testng.internal.invokers.MethodRunner.runInSequence(MethodRunner.java:63)
at org.testng.internal.invokers.TestInvoker$MethodInvocationAgent.invoke(TestInvoker.java:961)
at org.testng.internal.invokers.TestInvoker.invokeTestMethods(TestInvoker.java:201)
at org.testng.internal.invokers.TestMethodWorker.invokeTestMethods(TestMethodWorker.java:148)
at org.testng.internal.invokers.TestMethodWorker.run(TestMethodWorker.java:128)
at java.base/java.util.ArrayList.forEach(ArrayList.java:1596)
at org.testng.TestRunner.privateRun(TestRunner.java:819)
at org.testng.TestRunner.run(TestRunner.java:619)
at org.testng.SuiteRunner.runTest(SuiteRunner.java:443)
at org.testng.SuiteRunner.runSequentially(SuiteRunner.java:437)
at org.testng.SuiteRunner.privateRun(SuiteRunner.java:397)
at org.testng.SuiteRunner.run(SuiteRunner.java:336)
at org.testng.SuiteRunnerWorker.runSuite(SuiteRunnerWorker.java:52)
at org.testng.SuiteRunnerWorker.run(SuiteRunnerWorker.java:95)
at org.testng.TestNG.runSuitesSequentially(TestNG.java:1301)
at org.testng.TestNG.runSuitesLocally(TestNG.java:1228)
at org.testng.TestNG.runSuites(TestNG.java:1134)
at org.testng.TestNG.run(TestNG.java:1101)
at org.apache.maven.surefire.testng.TestNGExecutor.run(TestNGExecutor.java:155)
at org.apache.maven.surefire.testng.TestNGDirectoryTestSuite.executeMulti(TestNGDirectoryTestSuite.java:169)
at org.apache.maven.surefire.testng.TestNGDirectoryTestSuite.execute(TestNGDirectoryTestSuite.java:88)
at org.apache.maven.surefire.testng.TestNGProvider.invoke(TestNGProvider.java:137)
at org.apache.maven.surefire.booter.ForkedBooter.runSuitesInProcess(ForkedBooter.java:385)
at org.apache.maven.surefire.booter.ForkedBooter.execute(ForkedBooter.java:162)
at org.apache.maven.surefire.booter.ForkedBooter.run(ForkedBooter.java:507)
at org.apache.maven.surefire.booter.ForkedBooter.main(ForkedBooter.java:495)
]]>
            </full-stacktrace>
          </exception> <!-- java.lang.AssertionError -->
          <reporter-output>
          </reporter-output>
        </test-method> <!-- testFlakyScenario -->
        <test-method is-config="true" signature="tearDown(org.testng.ITestResult)[pri:0, instance:tests.FlakySimulationTest@13e39c73]" started-at="2026-03-31T15:29:19 ICT" name="tearDown" finished-at="2026-03-31T15:29:19 ICT" duration-ms="161" status="PASS">
          <params>
            <param index="0">
              <value>
                <![CDATA[[TestResult name=testFlakyScenario status=FAILURE method=FlakySimulationTest.testFlakyScenario()[pri:0, instance:tests.FlakySimulationTest@13e39c73] output={null}]]]>
              </value>
            </param>
          </params>
          <reporter-output>
          </reporter-output>
        </test-method> <!-- tearDown -->
      </class> <!-- tests.FlakySimulationTest -->
      <class name="tests.LoginDDTTest">
        <test-method is-config="true" signature="setUp(java.lang.String,java.lang.String)[pri:0, instance:tests.LoginDDTTest@6a28ffa4]" started-at="2026-03-31T15:29:20 ICT" name="setUp" finished-at="2026-03-31T15:29:21 ICT" duration-ms="946" status="PASS">
          <params>
            <param index="0">
              <value>
                <![CDATA[chrome]]>
              </value>
            </param>
            <param index="1">
              <value>
                <![CDATA[dev]]>
              </value>
            </param>
          </params>
          <reporter-output>
          </reporter-output>
        </test-method> <!-- setUp -->
        <test-method signature="testLoginBoundary(java.lang.String,java.lang.String,java.lang.String,java.lang.String)[pri:0, instance:tests.LoginDDTTest@6a28ffa4]" started-at="2026-03-31T15:29:21 ICT" name="testLoginBoundary" data-provider="boundaryData" finished-at="2026-03-31T15:29:21 ICT" duration-ms="698" status="PASS">
          <params>
            <param index="0">
              <value>
                <![CDATA[<script>alert(1)</script>]]>
              </value>
            </param>
            <param index="1">
              <value>
                <![CDATA[secret_sauce]]>
              </value>
            </param>
            <param index="2">
              <value>
                <![CDATA[Epic sadface: Username and password do not match any user in this service]]>
              </value>
            </param>
            <param index="3">
              <value>
                <![CDATA[Tấn công XSS vào ô username]]>
              </value>
            </param>
          </params>
          <reporter-output>
          </reporter-output>
        </test-method> <!-- testLoginBoundary -->
        <test-method is-config="true" signature="tearDown(org.testng.ITestResult)[pri:0, instance:tests.LoginDDTTest@6a28ffa4]" started-at="2026-03-31T15:29:21 ICT" name="tearDown" finished-at="2026-03-31T15:29:21 ICT" duration-ms="85" status="PASS">
          <params>
            <param index="0">
              <value>
                <![CDATA[[TestResult name=testLoginBoundary status=SUCCESS method=LoginDDTTest.testLoginBoundary(java.lang.String,java.lang.String,java.lang.String,java.lang.String)[pri:0, instance:tests.LoginDDTTest@6a28ffa4] output={null}]]]>
              </value>
            </param>
          </params>
          <reporter-output>
          </reporter-output>
        </test-method> <!-- tearDown -->
        <test-method is-config="true" signature="setUp(java.lang.String,java.lang.String)[pri:0, instance:tests.LoginDDTTest@6a28ffa4]" started-at="2026-03-31T15:29:21 ICT" name="setUp" finished-at="2026-03-31T15:29:22 ICT" duration-ms="940" status="PASS">
          <params>
            <param index="0">
              <value>
                <![CDATA[chrome]]>
              </value>
            </param>
            <param index="1">
              <value>
                <![CDATA[dev]]>
              </value>
            </param>
          </params>
          <reporter-output>
          </reporter-output>
        </test-method> <!-- setUp -->
        <test-method signature="testLoginBoundary(java.lang.String,java.lang.String,java.lang.String,java.lang.String)[pri:0, instance:tests.LoginDDTTest@6a28ffa4]" started-at="2026-03-31T15:29:22 ICT" name="testLoginBoundary" data-provider="boundaryData" finished-at="2026-03-31T15:29:23 ICT" duration-ms="657" status="PASS">
          <params>
            <param index="0">
              <value>
                <![CDATA[admin' OR '1'='1]]>
              </value>
            </param>
            <param index="1">
              <value>
                <![CDATA[secret_sauce]]>
              </value>
            </param>
            <param index="2">
              <value>
                <![CDATA[Epic sadface: Username and password do not match any user in this service]]>
              </value>
            </param>
            <param index="3">
              <value>
                <![CDATA[Tấn công SQL Injection vào ô username]]>
              </value>
            </param>
          </params>
          <reporter-output>
          </reporter-output>
        </test-method> <!-- testLoginBoundary -->
        <test-method is-config="true" signature="tearDown(org.testng.ITestResult)[pri:0, instance:tests.LoginDDTTest@6a28ffa4]" started-at="2026-03-31T15:29:23 ICT" name="tearDown" finished-at="2026-03-31T15:29:23 ICT" duration-ms="79" status="PASS">
          <params>
            <param index="0">
              <value>
                <![CDATA[[TestResult name=testLoginBoundary status=SUCCESS method=LoginDDTTest.testLoginBoundary(java.lang.String,java.lang.String,java.lang.String,java.lang.String)[pri:0, instance:tests.LoginDDTTest@6a28ffa4] output={null}]]]>
              </value>
            </param>
          </params>
          <reporter-output>
          </reporter-output>
        </test-method> <!-- tearDown -->
        <test-method is-config="true" signature="setUp(java.lang.String,java.lang.String)[pri:0, instance:tests.LoginDDTTest@6a28ffa4]" started-at="2026-03-31T15:29:23 ICT" name="setUp" finished-at="2026-03-31T15:29:24 ICT" duration-ms="970" status="PASS">
          <params>
            <param index="0">
              <value>
                <![CDATA[chrome]]>
              </value>
            </param>
            <param index="1">
              <value>
                <![CDATA[dev]]>
              </value>
            </param>
          </params>
          <reporter-output>
          </reporter-output>
        </test-method> <!-- setUp -->
        <test-method signature="testLoginBoundary(java.lang.String,java.lang.String,java.lang.String,java.lang.String)[pri:0, instance:tests.LoginDDTTest@6a28ffa4]" started-at="2026-03-31T15:29:24 ICT" name="testLoginBoundary" data-provider="boundaryData" finished-at="2026-03-31T15:29:25 ICT" duration-ms="575" status="PASS">
          <params>
            <param index="0">
              <value>
                <![CDATA[standard_user]]>
              </value>
            </param>
            <param index="1">
              <value>
                <![CDATA[@#$%^&*()_+{}[]]]>
              </value>
            </param>
            <param index="2">
              <value>
                <![CDATA[Epic sadface: Username and password do not match any user in this service]]>
              </value>
            </param>
            <param index="3">
              <value>
                <![CDATA[Password chứa ký tự đặc biệt]]>
              </value>
            </param>
          </params>
          <reporter-output>
          </reporter-output>
        </test-method> <!-- testLoginBoundary -->
        <test-method is-config="true" signature="tearDown(org.testng.ITestResult)[pri:0, instance:tests.LoginDDTTest@6a28ffa4]" started-at="2026-03-31T15:29:25 ICT" name="tearDown" finished-at="2026-03-31T15:29:25 ICT" duration-ms="78" status="PASS">
          <params>
            <param index="0">
              <value>
                <![CDATA[[TestResult name=testLoginBoundary status=SUCCESS method=LoginDDTTest.testLoginBoundary(java.lang.String,java.lang.String,java.lang.String,java.lang.String)[pri:0, instance:tests.LoginDDTTest@6a28ffa4] output={null}]]]>
              </value>
            </param>
          </params>
          <reporter-output>
          </reporter-output>
        </test-method> <!-- tearDown -->
        <test-method is-config="true" signature="setUp(java.lang.String,java.lang.String)[pri:0, instance:tests.LoginDDTTest@6a28ffa4]" started-at="2026-03-31T15:29:25 ICT" name="setUp" finished-at="2026-03-31T15:29:26 ICT" duration-ms="918" status="PASS">
          <params>
            <param index="0">
              <value>
                <![CDATA[chrome]]>
              </value>
            </param>
            <param index="1">
              <value>
                <![CDATA[dev]]>
              </value>
            </param>
          </params>
          <reporter-output>
          </reporter-output>
        </test-method> <!-- setUp -->
        <test-method signature="testLoginBoundary(java.lang.String,java.lang.String,java.lang.String,java.lang.String)[pri:0, instance:tests.LoginDDTTest@6a28ffa4]" started-at="2026-03-31T15:29:26 ICT" name="testLoginBoundary" data-provider="boundaryData" finished-at="2026-03-31T15:29:26 ICT" duration-ms="649" status="PASS">
          <params>
            <param index="0">
              <value>
                <![CDATA[aaaaaaaaaaaaaaaaaaaaaaaaaaaaaaaaaaaaaaaaaaaaaaaaaa]]>
              </value>
            </param>
            <param index="1">
              <value>
                <![CDATA[secret_sauce]]>
              </value>
            </param>
            <param index="2">
              <value>
                <![CDATA[Epic sadface: Username and password do not match any user in this service]]>
              </value>
            </param>
            <param index="3">
              <value>
                <![CDATA[Tên đăng nhập dài 50 ký tự]]>
              </value>
            </param>
          </params>
          <reporter-output>
          </reporter-output>
        </test-method> <!-- testLoginBoundary -->
        <test-method is-config="true" signature="tearDown(org.testng.ITestResult)[pri:0, instance:tests.LoginDDTTest@6a28ffa4]" started-at="2026-03-31T15:29:26 ICT" name="tearDown" finished-at="2026-03-31T15:29:26 ICT" duration-ms="79" status="PASS">
          <params>
            <param index="0">
              <value>
                <![CDATA[[TestResult name=testLoginBoundary status=SUCCESS method=LoginDDTTest.testLoginBoundary(java.lang.String,java.lang.String,java.lang.String,java.lang.String)[pri:0, instance:tests.LoginDDTTest@6a28ffa4] output={null}]]]>
              </value>
            </param>
          </params>
          <reporter-output>
          </reporter-output>
        </test-method> <!-- tearDown -->
        <test-method is-config="true" signature="setUp(java.lang.String,java.lang.String)[pri:0, instance:tests.LoginDDTTest@6a28ffa4]" started-at="2026-03-31T15:29:26 ICT" name="setUp" finished-at="2026-03-31T15:29:27 ICT" duration-ms="974" status="PASS">
          <params>
            <param index="0">
              <value>
                <![CDATA[chrome]]>
              </value>
            </param>
            <param index="1">
              <value>
                <![CDATA[dev]]>
              </value>
            </param>
          </params>
          <reporter-output>
          </reporter-output>
        </test-method> <!-- setUp -->
        <test-method signature="testLoginNegative(java.lang.String,java.lang.String,java.lang.String,java.lang.String)[pri:0, instance:tests.LoginDDTTest@6a28ffa4]" started-at="2026-03-31T15:29:27 ICT" name="testLoginNegative" data-provider="negativeData" finished-at="2026-03-31T15:29:28 ICT" duration-ms="689" status="PASS">
          <params>
            <param index="0">
              <value>
                <![CDATA[locked_out_user]]>
              </value>
            </param>
            <param index="1">
              <value>
                <![CDATA[secret_sauce]]>
              </value>
            </param>
            <param index="2">
              <value>
                <![CDATA[Epic sadface: Sorry, this user has been locked out.]]>
              </value>
            </param>
            <param index="3">
              <value>
                <![CDATA[User bị khóa tài khoản]]>
              </value>
            </param>
          </params>
          <reporter-output>
          </reporter-output>
        </test-method> <!-- testLoginNegative -->
        <test-method is-config="true" signature="tearDown(org.testng.ITestResult)[pri:0, instance:tests.LoginDDTTest@6a28ffa4]" started-at="2026-03-31T15:29:28 ICT" name="tearDown" finished-at="2026-03-31T15:29:28 ICT" duration-ms="81" status="PASS">
          <params>
            <param index="0">
              <value>
                <![CDATA[[TestResult name=testLoginNegative status=SUCCESS method=LoginDDTTest.testLoginNegative(java.lang.String,java.lang.String,java.lang.String,java.lang.String)[pri:0, instance:tests.LoginDDTTest@6a28ffa4] output={null}]]]>
              </value>
            </param>
          </params>
          <reporter-output>
          </reporter-output>
        </test-method> <!-- tearDown -->
        <test-method is-config="true" signature="setUp(java.lang.String,java.lang.String)[pri:0, instance:tests.LoginDDTTest@6a28ffa4]" started-at="2026-03-31T15:29:28 ICT" name="setUp" finished-at="2026-03-31T15:29:29 ICT" duration-ms="876" status="PASS">
          <params>
            <param index="0">
              <value>
                <![CDATA[chrome]]>
              </value>
            </param>
            <param index="1">
              <value>
                <![CDATA[dev]]>
              </value>
            </param>
          </params>
          <reporter-output>
          </reporter-output>
        </test-method> <!-- setUp -->
        <test-method signature="testLoginNegative(java.lang.String,java.lang.String,java.lang.String,java.lang.String)[pri:0, instance:tests.LoginDDTTest@6a28ffa4]" started-at="2026-03-31T15:29:29 ICT" name="testLoginNegative" data-provider="negativeData" finished-at="2026-03-31T15:29:30 ICT" duration-ms="588" status="PASS">
          <params>
            <param index="0">
              <value>
                <![CDATA[standard_user]]>
              </value>
            </param>
            <param index="1">
              <value>
                <![CDATA[wrong_pass]]>
              </value>
            </param>
            <param index="2">
              <value>
                <![CDATA[Epic sadface: Username and password do not match any user in this service]]>
              </value>
            </param>
            <param index="3">
              <value>
                <![CDATA[Sai mật khẩu]]>
              </value>
            </param>
          </params>
          <reporter-output>
          </reporter-output>
        </test-method> <!-- testLoginNegative -->
        <test-method is-config="true" signature="tearDown(org.testng.ITestResult)[pri:0, instance:tests.LoginDDTTest@6a28ffa4]" started-at="2026-03-31T15:29:30 ICT" name="tearDown" finished-at="2026-03-31T15:29:30 ICT" duration-ms="83" status="PASS">
          <params>
            <param index="0">
              <value>
                <![CDATA[[TestResult name=testLoginNegative status=SUCCESS method=LoginDDTTest.testLoginNegative(java.lang.String,java.lang.String,java.lang.String,java.lang.String)[pri:0, instance:tests.LoginDDTTest@6a28ffa4] output={null}]]]>
              </value>
            </param>
          </params>
          <reporter-output>
          </reporter-output>
        </test-method> <!-- tearDown -->
        <test-method is-config="true" signature="setUp(java.lang.String,java.lang.String)[pri:0, instance:tests.LoginDDTTest@6a28ffa4]" started-at="2026-03-31T15:29:30 ICT" name="setUp" finished-at="2026-03-31T15:29:31 ICT" duration-ms="1038" status="PASS">
          <params>
            <param index="0">
              <value>
                <![CDATA[chrome]]>
              </value>
            </param>
            <param index="1">
              <value>
                <![CDATA[dev]]>
              </value>
            </param>
          </params>
          <reporter-output>
          </reporter-output>
        </test-method> <!-- setUp -->
        <test-method signature="testLoginNegative(java.lang.String,java.lang.String,java.lang.String,java.lang.String)[pri:0, instance:tests.LoginDDTTest@6a28ffa4]" started-at="2026-03-31T15:29:31 ICT" name="testLoginNegative" data-provider="negativeData" finished-at="2026-03-31T15:29:31 ICT" duration-ms="616" status="PASS">
          <params>
            <param index="0">
              <value>
                <![CDATA[wrong_user]]>
              </value>
            </param>
            <param index="1">
              <value>
                <![CDATA[secret_sauce]]>
              </value>
            </param>
            <param index="2">
              <value>
                <![CDATA[Epic sadface: Username and password do not match any user in this service]]>
              </value>
            </param>
            <param index="3">
              <value>
                <![CDATA[Sai tên đăng nhập]]>
              </value>
            </param>
          </params>
          <reporter-output>
          </reporter-output>
        </test-method> <!-- testLoginNegative -->
        <test-method is-config="true" signature="tearDown(org.testng.ITestResult)[pri:0, instance:tests.LoginDDTTest@6a28ffa4]" started-at="2026-03-31T15:29:31 ICT" name="tearDown" finished-at="2026-03-31T15:29:31 ICT" duration-ms="77" status="PASS">
          <params>
            <param index="0">
              <value>
                <![CDATA[[TestResult name=testLoginNegative status=SUCCESS method=LoginDDTTest.testLoginNegative(java.lang.String,java.lang.String,java.lang.String,java.lang.String)[pri:0, instance:tests.LoginDDTTest@6a28ffa4] output={null}]]]>
              </value>
            </param>
          </params>
          <reporter-output>
          </reporter-output>
        </test-method> <!-- tearDown -->
        <test-method is-config="true" signature="setUp(java.lang.String,java.lang.String)[pri:0, instance:tests.LoginDDTTest@6a28ffa4]" started-at="2026-03-31T15:29:31 ICT" name="setUp" finished-at="2026-03-31T15:29:32 ICT" duration-ms="954" status="PASS">
          <params>
            <param index="0">
              <value>
                <![CDATA[chrome]]>
              </value>
            </param>
            <param index="1">
              <value>
                <![CDATA[dev]]>
              </value>
            </param>
          </params>
          <reporter-output>
          </reporter-output>
        </test-method> <!-- setUp -->
        <test-method signature="testLoginNegative(java.lang.String,java.lang.String,java.lang.String,java.lang.String)[pri:0, instance:tests.LoginDDTTest@6a28ffa4]" started-at="2026-03-31T15:29:32 ICT" name="testLoginNegative" data-provider="negativeData" finished-at="2026-03-31T15:29:33 ICT" duration-ms="571" status="PASS">
          <params>
            <param index="0">
              <value>
                <![CDATA[]]>
              </value>
            </param>
            <param index="1">
              <value>
                <![CDATA[secret_sauce]]>
              </value>
            </param>
            <param index="2">
              <value>
                <![CDATA[Epic sadface: Username is required]]>
              </value>
            </param>
            <param index="3">
              <value>
                <![CDATA[Bỏ trống tên đăng nhập]]>
              </value>
            </param>
          </params>
          <reporter-output>
          </reporter-output>
        </test-method> <!-- testLoginNegative -->
        <test-method is-config="true" signature="tearDown(org.testng.ITestResult)[pri:0, instance:tests.LoginDDTTest@6a28ffa4]" started-at="2026-03-31T15:29:33 ICT" name="tearDown" finished-at="2026-03-31T15:29:33 ICT" duration-ms="82" status="PASS">
          <params>
            <param index="0">
              <value>
                <![CDATA[[TestResult name=testLoginNegative status=SUCCESS method=LoginDDTTest.testLoginNegative(java.lang.String,java.lang.String,java.lang.String,java.lang.String)[pri:0, instance:tests.LoginDDTTest@6a28ffa4] output={null}]]]>
              </value>
            </param>
          </params>
          <reporter-output>
          </reporter-output>
        </test-method> <!-- tearDown -->
        <test-method is-config="true" signature="setUp(java.lang.String,java.lang.String)[pri:0, instance:tests.LoginDDTTest@6a28ffa4]" started-at="2026-03-31T15:29:33 ICT" name="setUp" finished-at="2026-03-31T15:29:34 ICT" duration-ms="968" status="PASS">
          <params>
            <param index="0">
              <value>
                <![CDATA[chrome]]>
              </value>
            </param>
            <param index="1">
              <value>
                <![CDATA[dev]]>
              </value>
            </param>
          </params>
          <reporter-output>
          </reporter-output>
        </test-method> <!-- setUp -->
        <test-method signature="testLoginNegative(java.lang.String,java.lang.String,java.lang.String,java.lang.String)[pri:0, instance:tests.LoginDDTTest@6a28ffa4]" started-at="2026-03-31T15:29:34 ICT" name="testLoginNegative" data-provider="negativeData" finished-at="2026-03-31T15:29:35 ICT" duration-ms="553" status="PASS">
          <params>
            <param index="0">
              <value>
                <![CDATA[standard_user]]>
              </value>
            </param>
            <param index="1">
              <value>
                <![CDATA[]]>
              </value>
            </param>
            <param index="2">
              <value>
                <![CDATA[Epic sadface: Password is required]]>
              </value>
            </param>
            <param index="3">
              <value>
                <![CDATA[Bỏ trống mật khẩu]]>
              </value>
            </param>
          </params>
          <reporter-output>
          </reporter-output>
        </test-method> <!-- testLoginNegative -->
        <test-method is-config="true" signature="tearDown(org.testng.ITestResult)[pri:0, instance:tests.LoginDDTTest@6a28ffa4]" started-at="2026-03-31T15:29:35 ICT" name="tearDown" finished-at="2026-03-31T15:29:35 ICT" duration-ms="77" status="PASS">
          <params>
            <param index="0">
              <value>
                <![CDATA[[TestResult name=testLoginNegative status=SUCCESS method=LoginDDTTest.testLoginNegative(java.lang.String,java.lang.String,java.lang.String,java.lang.String)[pri:0, instance:tests.LoginDDTTest@6a28ffa4] output={null}]]]>
              </value>
            </param>
          </params>
          <reporter-output>
          </reporter-output>
        </test-method> <!-- tearDown -->
        <test-method is-config="true" signature="setUp(java.lang.String,java.lang.String)[pri:0, instance:tests.LoginDDTTest@6a28ffa4]" started-at="2026-03-31T15:29:35 ICT" name="setUp" finished-at="2026-03-31T15:29:36 ICT" duration-ms="909" status="PASS">
          <params>
            <param index="0">
              <value>
                <![CDATA[chrome]]>
              </value>
            </param>
            <param index="1">
              <value>
                <![CDATA[dev]]>
              </value>
            </param>
          </params>
          <reporter-output>
          </reporter-output>
        </test-method> <!-- setUp -->
        <test-method signature="testLoginSmoke(java.lang.String,java.lang.String,java.lang.String,java.lang.String)[pri:0, instance:tests.LoginDDTTest@6a28ffa4]" started-at="2026-03-31T15:29:36 ICT" name="testLoginSmoke" data-provider="smokeData" finished-at="2026-03-31T15:29:36 ICT" duration-ms="580" status="PASS">
          <params>
            <param index="0">
              <value>
                <![CDATA[standard_user]]>
              </value>
            </param>
            <param index="1">
              <value>
                <![CDATA[secret_sauce]]>
              </value>
            </param>
            <param index="2">
              <value>
                <![CDATA[inventory.html]]>
              </value>
            </param>
            <param index="3">
              <value>
                <![CDATA[Đăng nhập thành công với user chuẩn]]>
              </value>
            </param>
          </params>
          <reporter-output>
          </reporter-output>
        </test-method> <!-- testLoginSmoke -->
        <test-method is-config="true" signature="tearDown(org.testng.ITestResult)[pri:0, instance:tests.LoginDDTTest@6a28ffa4]" started-at="2026-03-31T15:29:36 ICT" name="tearDown" finished-at="2026-03-31T15:29:36 ICT" duration-ms="80" status="PASS">
          <params>
            <param index="0">
              <value>
                <![CDATA[[TestResult name=testLoginSmoke status=SUCCESS method=LoginDDTTest.testLoginSmoke(java.lang.String,java.lang.String,java.lang.String,java.lang.String)[pri:0, instance:tests.LoginDDTTest@6a28ffa4] output={null}]]]>
              </value>
            </param>
          </params>
          <reporter-output>
          </reporter-output>
        </test-method> <!-- tearDown -->
        <test-method is-config="true" signature="setUp(java.lang.String,java.lang.String)[pri:0, instance:tests.LoginDDTTest@6a28ffa4]" started-at="2026-03-31T15:29:36 ICT" name="setUp" finished-at="2026-03-31T15:29:37 ICT" duration-ms="1012" status="PASS">
          <params>
            <param index="0">
              <value>
                <![CDATA[chrome]]>
              </value>
            </param>
            <param index="1">
              <value>
                <![CDATA[dev]]>
              </value>
            </param>
          </params>
          <reporter-output>
          </reporter-output>
        </test-method> <!-- setUp -->
        <test-method signature="testLoginSmoke(java.lang.String,java.lang.String,java.lang.String,java.lang.String)[pri:0, instance:tests.LoginDDTTest@6a28ffa4]" started-at="2026-03-31T15:29:37 ICT" name="testLoginSmoke" data-provider="smokeData" finished-at="2026-03-31T15:29:38 ICT" duration-ms="571" status="PASS">
          <params>
            <param index="0">
              <value>
                <![CDATA[problem_user]]>
              </value>
            </param>
            <param index="1">
              <value>
                <![CDATA[secret_sauce]]>
              </value>
            </param>
            <param index="2">
              <value>
                <![CDATA[inventory.html]]>
              </value>
            </param>
            <param index="3">
              <value>
                <![CDATA[Đăng nhập thành công với user bị lỗi giao diện]]>
              </value>
            </param>
          </params>
          <reporter-output>
          </reporter-output>
        </test-method> <!-- testLoginSmoke -->
        <test-method is-config="true" signature="tearDown(org.testng.ITestResult)[pri:0, instance:tests.LoginDDTTest@6a28ffa4]" started-at="2026-03-31T15:29:38 ICT" name="tearDown" finished-at="2026-03-31T15:29:38 ICT" duration-ms="76" status="PASS">
          <params>
            <param index="0">
              <value>
                <![CDATA[[TestResult name=testLoginSmoke status=SUCCESS method=LoginDDTTest.testLoginSmoke(java.lang.String,java.lang.String,java.lang.String,java.lang.String)[pri:0, instance:tests.LoginDDTTest@6a28ffa4] output={null}]]]>
              </value>
            </param>
          </params>
          <reporter-output>
          </reporter-output>
        </test-method> <!-- tearDown -->
        <test-method is-config="true" signature="setUp(java.lang.String,java.lang.String)[pri:0, instance:tests.LoginDDTTest@6a28ffa4]" started-at="2026-03-31T15:29:38 ICT" name="setUp" finished-at="2026-03-31T15:29:39 ICT" duration-ms="973" status="PASS">
          <params>
            <param index="0">
              <value>
                <![CDATA[chrome]]>
              </value>
            </param>
            <param index="1">
              <value>
                <![CDATA[dev]]>
              </value>
            </param>
          </params>
          <reporter-output>
          </reporter-output>
        </test-method> <!-- setUp -->
        <test-method signature="testLoginSmoke(java.lang.String,java.lang.String,java.lang.String,java.lang.String)[pri:0, instance:tests.LoginDDTTest@6a28ffa4]" started-at="2026-03-31T15:29:39 ICT" name="testLoginSmoke" data-provider="smokeData" finished-at="2026-03-31T15:29:40 ICT" duration-ms="655" status="PASS">
          <params>
            <param index="0">
              <value>
                <![CDATA[visual_user]]>
              </value>
            </param>
            <param index="1">
              <value>
                <![CDATA[secret_sauce]]>
              </value>
            </param>
            <param index="2">
              <value>
                <![CDATA[inventory.html]]>
              </value>
            </param>
            <param index="3">
              <value>
                <![CDATA[Đăng nhập thành công với user test UI]]>
              </value>
            </param>
          </params>
          <reporter-output>
          </reporter-output>
        </test-method> <!-- testLoginSmoke -->
        <test-method is-config="true" signature="tearDown(org.testng.ITestResult)[pri:0, instance:tests.LoginDDTTest@6a28ffa4]" started-at="2026-03-31T15:29:40 ICT" name="tearDown" finished-at="2026-03-31T15:29:40 ICT" duration-ms="79" status="PASS">
          <params>
            <param index="0">
              <value>
                <![CDATA[[TestResult name=testLoginSmoke status=SUCCESS method=LoginDDTTest.testLoginSmoke(java.lang.String,java.lang.String,java.lang.String,java.lang.String)[pri:0, instance:tests.LoginDDTTest@6a28ffa4] output={null}]]]>
              </value>
            </param>
          </params>
          <reporter-output>
          </reporter-output>
        </test-method> <!-- tearDown -->
      </class> <!-- tests.LoginDDTTest -->
      <class name="tests.UserLoginTest">
        <test-method is-config="true" signature="setUp(java.lang.String,java.lang.String)[pri:0, instance:tests.UserLoginTest@48ae9b55]" started-at="2026-03-31T15:29:40 ICT" name="setUp" finished-at="2026-03-31T15:29:41 ICT" duration-ms="895" status="PASS">
          <params>
            <param index="0">
              <value>
                <![CDATA[chrome]]>
              </value>
            </param>
            <param index="1">
              <value>
                <![CDATA[dev]]>
              </value>
            </param>
          </params>
          <reporter-output>
          </reporter-output>
        </test-method> <!-- setUp -->
        <test-method signature="testLoginFromJson(java.lang.String,java.lang.String,boolean,java.lang.String)[pri:0, instance:tests.UserLoginTest@48ae9b55]" started-at="2026-03-31T15:29:41 ICT" name="testLoginFromJson" data-provider="jsonUsers" finished-at="2026-03-31T15:29:41 ICT" duration-ms="645" status="PASS">
          <params>
            <param index="0">
              <value>
                <![CDATA[standard_user]]>
              </value>
            </param>
            <param index="1">
              <value>
                <![CDATA[secret_sauce]]>
              </value>
            </param>
            <param index="2">
              <value>
                <![CDATA[true]]>
              </value>
            </param>
            <param index="3">
              <value>
                <![CDATA[User chuẩn đăng nhập thành công]]>
              </value>
            </param>
          </params>
          <reporter-output>
          </reporter-output>
        </test-method> <!-- testLoginFromJson -->
        <test-method is-config="true" signature="tearDown(org.testng.ITestResult)[pri:0, instance:tests.UserLoginTest@48ae9b55]" started-at="2026-03-31T15:29:41 ICT" name="tearDown" finished-at="2026-03-31T15:29:41 ICT" duration-ms="81" status="PASS">
          <params>
            <param index="0">
              <value>
                <![CDATA[[TestResult name=testLoginFromJson status=SUCCESS method=UserLoginTest.testLoginFromJson(java.lang.String,java.lang.String,boolean,java.lang.String)[pri:0, instance:tests.UserLoginTest@48ae9b55] output={null}]]]>
              </value>
            </param>
          </params>
          <reporter-output>
          </reporter-output>
        </test-method> <!-- tearDown -->
        <test-method is-config="true" signature="setUp(java.lang.String,java.lang.String)[pri:0, instance:tests.UserLoginTest@48ae9b55]" started-at="2026-03-31T15:29:41 ICT" name="setUp" finished-at="2026-03-31T15:29:42 ICT" duration-ms="985" status="PASS">
          <params>
            <param index="0">
              <value>
                <![CDATA[chrome]]>
              </value>
            </param>
            <param index="1">
              <value>
                <![CDATA[dev]]>
              </value>
            </param>
          </params>
          <reporter-output>
          </reporter-output>
        </test-method> <!-- setUp -->
        <test-method signature="testLoginFromJson(java.lang.String,java.lang.String,boolean,java.lang.String)[pri:0, instance:tests.UserLoginTest@48ae9b55]" started-at="2026-03-31T15:29:42 ICT" name="testLoginFromJson" data-provider="jsonUsers" finished-at="2026-03-31T15:29:43 ICT" duration-ms="561" status="PASS">
          <params>
            <param index="0">
              <value>
                <![CDATA[locked_out_user]]>
              </value>
            </param>
            <param index="1">
              <value>
                <![CDATA[secret_sauce]]>
              </value>
            </param>
            <param index="2">
              <value>
                <![CDATA[false]]>
              </value>
            </param>
            <param index="3">
              <value>
                <![CDATA[User bị khóa tài khoản]]>
              </value>
            </param>
          </params>
          <reporter-output>
          </reporter-output>
        </test-method> <!-- testLoginFromJson -->
        <test-method is-config="true" signature="tearDown(org.testng.ITestResult)[pri:0, instance:tests.UserLoginTest@48ae9b55]" started-at="2026-03-31T15:29:43 ICT" name="tearDown" finished-at="2026-03-31T15:29:43 ICT" duration-ms="83" status="PASS">
          <params>
            <param index="0">
              <value>
                <![CDATA[[TestResult name=testLoginFromJson status=SUCCESS method=UserLoginTest.testLoginFromJson(java.lang.String,java.lang.String,boolean,java.lang.String)[pri:0, instance:tests.UserLoginTest@48ae9b55] output={null}]]]>
              </value>
            </param>
          </params>
          <reporter-output>
          </reporter-output>
        </test-method> <!-- tearDown -->
        <test-method is-config="true" signature="setUp(java.lang.String,java.lang.String)[pri:0, instance:tests.UserLoginTest@48ae9b55]" started-at="2026-03-31T15:29:43 ICT" name="setUp" finished-at="2026-03-31T15:29:44 ICT" duration-ms="1087" status="PASS">
          <params>
            <param index="0">
              <value>
                <![CDATA[chrome]]>
              </value>
            </param>
            <param index="1">
              <value>
                <![CDATA[dev]]>
              </value>
            </param>
          </params>
          <reporter-output>
          </reporter-output>
        </test-method> <!-- setUp -->
        <test-method signature="testLoginFromJson(java.lang.String,java.lang.String,boolean,java.lang.String)[pri:0, instance:tests.UserLoginTest@48ae9b55]" started-at="2026-03-31T15:29:44 ICT" name="testLoginFromJson" data-provider="jsonUsers" finished-at="2026-03-31T15:29:45 ICT" duration-ms="692" status="PASS">
          <params>
            <param index="0">
              <value>
                <![CDATA[problem_user]]>
              </value>
            </param>
            <param index="1">
              <value>
                <![CDATA[secret_sauce]]>
              </value>
            </param>
            <param index="2">
              <value>
                <![CDATA[true]]>
              </value>
            </param>
            <param index="3">
              <value>
                <![CDATA[User bị lỗi hiển thị sản phẩm]]>
              </value>
            </param>
          </params>
          <reporter-output>
          </reporter-output>
        </test-method> <!-- testLoginFromJson -->
        <test-method is-config="true" signature="tearDown(org.testng.ITestResult)[pri:0, instance:tests.UserLoginTest@48ae9b55]" started-at="2026-03-31T15:29:45 ICT" name="tearDown" finished-at="2026-03-31T15:29:45 ICT" duration-ms="77" status="PASS">
          <params>
            <param index="0">
              <value>
                <![CDATA[[TestResult name=testLoginFromJson status=SUCCESS method=UserLoginTest.testLoginFromJson(java.lang.String,java.lang.String,boolean,java.lang.String)[pri:0, instance:tests.UserLoginTest@48ae9b55] output={null}]]]>
              </value>
            </param>
          </params>
          <reporter-output>
          </reporter-output>
        </test-method> <!-- tearDown -->
        <test-method is-config="true" signature="setUp(java.lang.String,java.lang.String)[pri:0, instance:tests.UserLoginTest@48ae9b55]" started-at="2026-03-31T15:29:45 ICT" name="setUp" finished-at="2026-03-31T15:29:46 ICT" duration-ms="953" status="PASS">
          <params>
            <param index="0">
              <value>
                <![CDATA[chrome]]>
              </value>
            </param>
            <param index="1">
              <value>
                <![CDATA[dev]]>
              </value>
            </param>
          </params>
          <reporter-output>
          </reporter-output>
        </test-method> <!-- setUp -->
        <test-method signature="testLoginFromJson(java.lang.String,java.lang.String,boolean,java.lang.String)[pri:0, instance:tests.UserLoginTest@48ae9b55]" started-at="2026-03-31T15:29:46 ICT" name="testLoginFromJson" data-provider="jsonUsers" finished-at="2026-03-31T15:29:51 ICT" duration-ms="5532" status="PASS">
          <params>
            <param index="0">
              <value>
                <![CDATA[performance_glitch_user]]>
              </value>
            </param>
            <param index="1">
              <value>
                <![CDATA[secret_sauce]]>
              </value>
            </param>
            <param index="2">
              <value>
                <![CDATA[true]]>
              </value>
            </param>
            <param index="3">
              <value>
                <![CDATA[User bị delay khi đăng nhập]]>
              </value>
            </param>
          </params>
          <reporter-output>
          </reporter-output>
        </test-method> <!-- testLoginFromJson -->
        <test-method is-config="true" signature="tearDown(org.testng.ITestResult)[pri:0, instance:tests.UserLoginTest@48ae9b55]" started-at="2026-03-31T15:29:51 ICT" name="tearDown" finished-at="2026-03-31T15:29:52 ICT" duration-ms="78" status="PASS">
          <params>
            <param index="0">
              <value>
                <![CDATA[[TestResult name=testLoginFromJson status=SUCCESS method=UserLoginTest.testLoginFromJson(java.lang.String,java.lang.String,boolean,java.lang.String)[pri:0, instance:tests.UserLoginTest@48ae9b55] output={null}]]]>
              </value>
            </param>
          </params>
          <reporter-output>
          </reporter-output>
        </test-method> <!-- tearDown -->
        <test-method is-config="true" signature="setUp(java.lang.String,java.lang.String)[pri:0, instance:tests.UserLoginTest@48ae9b55]" started-at="2026-03-31T15:29:52 ICT" name="setUp" finished-at="2026-03-31T15:29:52 ICT" duration-ms="940" status="PASS">
          <params>
            <param index="0">
              <value>
                <![CDATA[chrome]]>
              </value>
            </param>
            <param index="1">
              <value>
                <![CDATA[dev]]>
              </value>
            </param>
          </params>
          <reporter-output>
          </reporter-output>
        </test-method> <!-- setUp -->
        <test-method signature="testLoginFromJson(java.lang.String,java.lang.String,boolean,java.lang.String)[pri:0, instance:tests.UserLoginTest@48ae9b55]" started-at="2026-03-31T15:29:52 ICT" name="testLoginFromJson" data-provider="jsonUsers" finished-at="2026-03-31T15:29:53 ICT" duration-ms="501" status="PASS">
          <params>
            <param index="0">
              <value>
                <![CDATA[admin_user]]>
              </value>
            </param>
            <param index="1">
              <value>
                <![CDATA[wrong_pass]]>
              </value>
            </param>
            <param index="2">
              <value>
                <![CDATA[false]]>
              </value>
            </param>
            <param index="3">
              <value>
                <![CDATA[Sai mật khẩu đăng nhập]]>
              </value>
            </param>
          </params>
          <reporter-output>
          </reporter-output>
        </test-method> <!-- testLoginFromJson -->
        <test-method is-config="true" signature="tearDown(org.testng.ITestResult)[pri:0, instance:tests.UserLoginTest@48ae9b55]" started-at="2026-03-31T15:29:53 ICT" name="tearDown" finished-at="2026-03-31T15:29:53 ICT" duration-ms="75" status="PASS">
          <params>
            <param index="0">
              <value>
                <![CDATA[[TestResult name=testLoginFromJson status=SUCCESS method=UserLoginTest.testLoginFromJson(java.lang.String,java.lang.String,boolean,java.lang.String)[pri:0, instance:tests.UserLoginTest@48ae9b55] output={null}]]]>
              </value>
            </param>
          </params>
          <reporter-output>
          </reporter-output>
        </test-method> <!-- tearDown -->
      </class> <!-- tests.UserLoginTest -->
      <class name="tests.CheckoutTest">
        <test-method is-config="true" signature="setUp(java.lang.String,java.lang.String)[pri:0, instance:tests.CheckoutTest@2f7c2f4f]" started-at="2026-03-31T15:29:15 ICT" name="setUp" finished-at="2026-03-31T15:29:17 ICT" duration-ms="2793" status="PASS">
          <params>
            <param index="0">
              <value>
                <![CDATA[chrome]]>
              </value>
            </param>
            <param index="1">
              <value>
                <![CDATA[dev]]>
              </value>
            </param>
          </params>
          <reporter-output>
          </reporter-output>
        </test-method> <!-- setUp -->
        <test-method signature="testCheckoutWithFakerData()[pri:0, instance:tests.CheckoutTest@2f7c2f4f]" started-at="2026-03-31T15:29:17 ICT" name="testCheckoutWithFakerData" description="Test sinh dữ liệu ngẫu nhiên với Java Faker" finished-at="2026-03-31T15:29:17 ICT" duration-ms="65" status="PASS">
          <reporter-output>
          </reporter-output>
        </test-method> <!-- testCheckoutWithFakerData -->
        <test-method is-config="true" signature="tearDown(org.testng.ITestResult)[pri:0, instance:tests.CheckoutTest@2f7c2f4f]" started-at="2026-03-31T15:29:17 ICT" name="tearDown" finished-at="2026-03-31T15:29:18 ICT" duration-ms="91" status="PASS">
          <params>
            <param index="0">
              <value>
                <![CDATA[[TestResult name=testCheckoutWithFakerData status=SUCCESS method=CheckoutTest.testCheckoutWithFakerData()[pri:0, instance:tests.CheckoutTest@2f7c2f4f] output={null}]]]>
              </value>
            </param>
          </params>
          <reporter-output>
          </reporter-output>
        </test-method> <!-- tearDown -->
      </class> <!-- tests.CheckoutTest -->
    </test> <!-- Surefire test -->
  </suite> <!-- Surefire suite -->
</testng-results>
