<?xml version="1.0" encoding="UTF-8"?>
<testsuite xmlns:xsi="http://www.w3.org/2001/XMLSchema-instance" xsi:noNamespaceSchemaLocation="https://maven.apache.org/surefire/maven-surefire-plugin/xsd/surefire-test-report-3.0.xsd" version="3.0" name="TestSuite" time="38.885" tests="19" errors="0" skipped="0" failures="1">
  <properties>
[...]
</properties>
  <testcase name="testCheckoutWithFakerData" classname="tests.CheckoutTest" time="0.066">
    <system-out><![CDATA[[ConfigReader] Đang dùng môi trường: dev
--- Dữ liệu Checkout Ngẫu Nhiên ---
First Name: Hoàng
Last Name: Hòa
Postal Code: 76762
-----------------------------------
]]></system-out>
    <system-err><![CDATA[SLF4J(W): No SLF4J providers were found.
SLF4J(W): Defaulting to no-operation (NOP) logger implementation
SLF4J(W): See https://www.slf4j.org/codes.html#noProviders for further details.
thg 3 31, 2026 3:29:15 CH org.openqa.selenium.remote.tracing.opentelemetry.OpenTelemetryTracer createTracer
INFO: Using OpenTelemetry for tracing
]]></system-err>
  </testcase>
  <testcase name="testFlakyScenario" classname="tests.FlakySimulationTest" time="0.007">
    <failure message="Mô phỏng lỗi mạng tạm thời lần 1" type="java.lang.AssertionError"><![CDATA[java.lang.AssertionError: Mô phỏng lỗi mạng tạm thời lần 1
	at org.testng.Assert.fail(Assert.java:111)
	at tests.FlakySimulationTest.testFlakyScenario(FlakySimulationTest.java:18)
	at java.base/jdk.internal.reflect.DirectMethodHandleAccessor.invoke(DirectMethodHandleAccessor.java:103)
	at java.base/java.lang.reflect.Method.invoke(Method.java:580)
	at org.testng.internal.invokers.MethodInvocationHelper.invokeMethod(MethodInvocationHelper.java:139)
	at org.testng.internal.invokers.TestInvoker.invokeMethod(TestInvoker.java:664)
	at org.testng.internal.invokers.TestInvoker.invokeTestMethod(TestInvoker.java:228)
	at org.testng.internal.invokers.MethodRunner.runInSequence(MethodRunner.java:63)
	at org.testng.internal.invokers.TestInvoker$MethodInvocationAgent.invoke(TestInvoker.java:961)
	at org.testng.internal.invokers.TestInvoker.invokeTestMethods(TestInvoker.java:201)
	at org.testng.internal.invokers.TestMethodWorker.invokeTestMethods(TestMethodWorker.java:148)
	at org.testng.internal.invokers.TestMethodWorker.run(TestMethodWorker.java:128)
	at java.base/java.util.ArrayList.forEach(ArrayList.java:1596)
	at org.testng.TestRunner.privateRun(TestRunner.java:819)
	at org.testng.TestRunner.run(TestRunner.java:619)
	at org.testng.SuiteRunner.runTest(SuiteRunner.java:443)
	at org.testng.SuiteRunner.runSequentially(SuiteRunner.java:437)
	at org.testng.SuiteRunner.privateRun(SuiteRunner.java:397)
	at org.testng.SuiteRunner.run(SuiteRunner.java:336)
	at org.testng.SuiteRunnerWorker.runSuite(SuiteRunnerWorker.java:52)
	at org.testng.SuiteRunnerWorker.run(SuiteRunnerWorker.java:95)
	at org.testng.TestNG.runSuitesSequentially(TestNG.java:1301)
	at org.testng.TestNG.runSuitesLocally(TestNG.java:1228)
	at org.testng.TestNG.runSuites(TestNG.java:1134)
	at org.testng.TestNG.run(TestNG.java:1101)
	at org.apache.maven.surefire.testng.TestNGExecutor.run(TestNGExecutor.java:155)
	at org.apache.maven.surefire.testng.TestNGDirectoryTestSuite.executeMulti(TestNGDirectoryTestSuite.java:169)
	at org.apache.maven.surefire.testng.TestNGDirectoryTestSuite.execute(TestNGDirectoryTestSuite.java:88)
	at org.apache.maven.surefire.testng.TestNGProvider.invoke(TestNGProvider.java:137)
	at org.apache.maven.surefire.booter.ForkedBooter.runSuitesInProcess(ForkedBooter.java:385)
	at org.apache.maven.surefire.booter.ForkedBooter.execute(ForkedBooter.java:162)
	at org.apache.maven.surefire.booter.ForkedBooter.run(ForkedBooter.java:507)
	at org.apache.maven.surefire.booter.ForkedBooter.main(ForkedBooter.java:495)
]]></failure>
    <system-out><![CDATA[[FlakyTest] Đang chạy lần thứ: 1
]]></system-out>
  </testcase>
  <testcase name="testLoginBoundary[&lt;script&gt;alert(1)&lt;/script&gt;, secret_sauce, Epic sadface: Username and password do not match any user in this service, Tấn công XSS vào ô username](1)" classname="tests.LoginDDTTest" time="0.698">
    <system-out><![CDATA[[Log] Screenshot saved at: D:\KTPM\selenium-framework-main\selenium-framework-main\target\screenshots\testFlakyScenario_20260331_152919.png
[Test Description] Tấn công XSS vào ô username
]]></system-out>
    <system-err><![CDATA[ERROR StatusLogger Log4j2 could not find a logging implementation. Please add log4j-core to the classpath. Using SimpleLogger to log to the console...
]]></system-err>
  </testcase>
  <testcase name="testLoginBoundary[admin&apos; OR &apos;1&apos;=&apos;1, secret_sauce, Epic sadface: Username and password do not match any user in this service, Tấn công SQL Injection vào ô username](2)" classname="tests.LoginDDTTest" time="0.658">
    <system-out><![CDATA[[Test Description] Tấn công SQL Injection vào ô username
]]></system-out>
  </testcase>
  <testcase name="testLoginBoundary[standard_user, @#$%^&amp;*()_+{}[], Epic sadface: Username and password do not match any user in this service, Password chứa ký tự đặc biệt](3)" classname="tests.LoginDDTTest" time="0.576">
    <system-out><![CDATA[[Test Description] Password chứa ký tự đặc biệt
]]></system-out>
  </testcase>
  <testcase name="testLoginBoundary[aaaaaaaaaaaaaaaaaaaaaaaaaaaaaaaaaaaaaaaaaaaaaaaaaa, secret_sauce, Epic sadface: Username and password do not match any user in this service, Tên đăng nhập dài 50 ký tự](4)" classname="tests.LoginDDTTest" time="0.65">
    <system-out><![CDATA[[Test Description] Tên đăng nhập dài 50 ký tự
]]></system-out>
  </testcase>
  <testcase name="testLoginNegative[locked_out_user, secret_sauce, Epic sadface: Sorry, this user has been locked out., User bị khóa tài khoản](1)" classname="tests.LoginDDTTest" time="0.69">
    <system-out><![CDATA[[Test Description] User bị khóa tài khoản
]]></system-out>
  </testcase>
  <testcase name="testLoginNegative[standard_user, wrong_pass, Epic sadface: Username and password do not match any user in this service, Sai mật khẩu](2)" classname="tests.LoginDDTTest" time="0.589">
    <system-out><![CDATA[[Test Description] Sai mật khẩu
]]></system-out>
  </testcase>
  <testcase name="testLoginNegative[wrong_user, secret_sauce, Epic sadface: Username and password do not match any user in this service, Sai tên đăng nhập](3)" classname="tests.LoginDDTTest" time="0.617">
    <system-out><![CDATA[[Test Description] Sai tên đăng nhập
]]></system-out>
  </testcase>
  <testcase name="testLoginNegative[, secret_sauce, Epic sadface: Username is required, Bỏ trống tên đăng nhập](4)" classname="tests.LoginDDTTest" time="0.573">
    <system-out><![CDATA[[Test Description] Bỏ trống tên đăng nhập
]]></system-out>
  </testcase>
  <testcase name="testLoginNegative[standard_user, , Epic sadface: Password is required, Bỏ trống mật khẩu](5)" classname="tests.LoginDDTTest" time="0.554">
    <system-out><![CDATA[[Test Description] Bỏ trống mật khẩu
]]></system-out>
  </testcase>
  <testcase name="testLoginSmoke[standard_user, secret_sauce, inventory.html, Đăng nhập thành công với user chuẩn](1)" classname="tests.LoginDDTTest" time="0.582">
    <system-out><![CDATA[[Test Description] Đăng nhập thành công với user chuẩn
]]></system-out>
  </testcase>
  <testcase name="testLoginSmoke[problem_user, secret_sauce, inventory.html, Đăng nhập thành công với user bị lỗi giao diện](2)" classname="tests.LoginDDTTest" time="0.57">
    <system-out><![CDATA[[Test Description] Đăng nhập thành công với user bị lỗi giao diện
]]></system-out>
  </testcase>
  <testcase name="testLoginSmoke[visual_user, secret_sauce, inventory.html, Đăng nhập thành công với user test UI](3)" classname="tests.LoginDDTTest" time="0.675">
    <system-out><![CDATA[[Test Description] Đăng nhập thành công với user test UI
]]></system-out>
  </testcase>
  <testcase name="testLoginFromJson[standard_user, secret_sauce, true, User chuẩn đăng nhập thành công](1)" classname="tests.UserLoginTest" time="0.645">
    <system-out><![CDATA[[Test JSON] User chuẩn đăng nhập thành công
]]></system-out>
  </testcase>
  <testcase name="testLoginFromJson[locked_out_user, secret_sauce, false, User bị khóa tài khoản](2)" classname="tests.UserLoginTest" time="0.561">
    <system-out><![CDATA[[Test JSON] User bị khóa tài khoản
]]></system-out>
  </testcase>
  <testcase name="testLoginFromJson[problem_user, secret_sauce, true, User bị lỗi hiển thị sản phẩm](3)" classname="tests.UserLoginTest" time="0.692">
    <system-out><![CDATA[[Test JSON] User bị lỗi hiển thị sản phẩm
]]></system-out>
  </testcase>
  <testcase name="testLoginFromJson[performance_glitch_user, secret_sauce, true, User bị delay khi đăng nhập](4)" classname="tests.UserLoginTest" time="5.532">
    <system-out><![CDATA[[Test JSON] User bị delay khi đăng nhập
]]></system-out>
  </testcase>
  <testcase name="testLoginFromJson[admin_user, wrong_pass, false, Sai mật khẩu đăng nhập](5)" classname="tests.UserLoginTest" time="0.501">
    <system-out><![CDATA[[Test JSON] Sai mật khẩu đăng nhập
]]></system-out>
  </testcase>
</testsuite>