<?xml version="1.0" encoding="UTF-8"?>
<!-- Generated by org.testng.reporters.JUnitReportReporter -->
<testsuite hostname="LAPTOP-1GJ2FEE2" failures="0" tests="5" name="tests.UserLoginTest" time="13.185" errors="0" timestamp="2026-03-31T15:29:53 ICT" skipped="0">
  <testcase classname="tests.UserLoginTest" name="testLoginFromJson" time="1.589"/>
  <testcase classname="tests.UserLoginTest" name="testLoginFromJson" time="6.702"/>
  <testcase classname="tests.UserLoginTest" name="testLoginFromJson" time="1.564"/>
  <testcase classname="tests.UserLoginTest" name="testLoginFromJson" time="1.668"/>
  <testcase classname="tests.UserLoginTest" name="testLoginFromJson" time="1.662"/>
</testsuite> <!-- tests.UserLoginTest -->
