<?xml version="1.0" encoding="UTF-8"?>
<!-- Generated by org.testng.reporters.JUnitReportReporter -->
<testsuite hostname="LAPTOP-1GJ2FEE2" failures="0" tests="12" name="tests.LoginDDTTest" time="19.836" errors="0" timestamp="2026-03-31T15:29:53 ICT" skipped="0">
  <testcase classname="tests.LoginDDTTest" name="testLoginBoundary" time="1.742"/>
  <testcase classname="tests.LoginDDTTest" name="testLoginBoundary" time="1.757"/>
  <testcase classname="tests.LoginDDTTest" name="testLoginNegative" time="1.550"/>
  <testcase classname="tests.LoginDDTTest" name="testLoginSmoke" time="1.590"/>
  <testcase classname="tests.LoginDDTTest" name="testLoginNegative" time="1.737"/>
  <testcase classname="tests.LoginDDTTest" name="testLoginNegative" time="1.739"/>
  <testcase classname="tests.LoginDDTTest" name="testLoginSmoke" time="1.627"/>
  <testcase classname="tests.LoginDDTTest" name="testLoginNegative" time="1.574"/>
  <testcase classname="tests.LoginDDTTest" name="testLoginBoundary" time="1.703"/>
  <testcase classname="tests.LoginDDTTest" name="testLoginSmoke" time="1.687"/>
  <testcase classname="tests.LoginDDTTest" name="testLoginBoundary" time="1.601"/>
  <testcase classname="tests.LoginDDTTest" name="testLoginNegative" time="1.529"/>
</testsuite> <!-- tests.LoginDDTTest -->
